<?xml version="1.0" encoding="UTF-8"?>
<testng-results ignored="0" total="1" passed="0" failed="1" skipped="0">
  <reporter-output>
    <line>
      <![CDATA[Extent Report Directory/Users/mehzabinakhter/IdeaProjects/FrameWorkTeam5/Homedepot/test-output/html]]>
    </line>
  </reporter-output>
  <suite started-at="2018-01-14T14:18:54Z" name="Homedepot Automation Test" finished-at="2018-01-14T14:19:40Z" duration-ms="45907">
    <groups>
    </groups>
    <test started-at="2018-01-14T14:18:54Z" name="HomeDepot HomepageTest" finished-at="2018-01-14T14:19:40Z" duration-ms="45907">
      <class name="testcases.GoogleExcellSheetTest">
        <test-method is-config="true" signature="extentSetup(org.testng.ITestContext)[pri:0, instance:testcases.GoogleExcellSheetTest@568ff82]" started-at="2018-01-14T09:18:53Z" name="extentSetup" finished-at="2018-01-14T09:18:54Z" duration-ms="999" status="PASS">
          <params>
            <param index="0">
              <value>
                <![CDATA[org.testng.TestRunner@4d192aef]]>
              </value>
            </param>
          </params>
          <reporter-output>
            <line>
              <![CDATA[Extent Report Directory/Users/mehzabinakhter/IdeaProjects/FrameWorkTeam5/Homedepot/test-output/html]]>
            </line>
          </reporter-output>
        </test-method> <!-- extentSetup -->
        <test-method is-config="true" signature="setUp(boolean, java.lang.String, java.lang.String, java.lang.String, java.lang.String, java.lang.String, java.lang.String)[pri:0, instance:testcases.GoogleExcellSheetTest@568ff82]" started-at="2018-01-14T09:18:54Z" name="setUp" finished-at="2018-01-14T09:19:05Z" duration-ms="10529" status="PASS">
          <params>
            <param index="0">
              <value>
                <![CDATA[false]]>
              </value>
            </param>
            <param index="1">
              <value>
                <![CDATA[browserstack]]>
              </value>
            </param>
            <param index="2">
              <value>
                <![CDATA[OS X]]>
              </value>
            </param>
            <param index="3">
              <value>
                <![CDATA[High Sierra]]>
              </value>
            </param>
            <param index="4">
              <value>
                <![CDATA[chrome]]>
              </value>
            </param>
            <param index="5">
              <value>
                <![CDATA[63.0]]>
              </value>
            </param>
            <param index="6">
              <value>
                <![CDATA[https://www.homedepot.com/]]>
              </value>
            </param>
          </params>
          <reporter-output>
          </reporter-output>
        </test-method> <!-- setUp -->
        <test-method is-config="true" signature="startExtent(java.lang.reflect.Method)[pri:0, instance:testcases.GoogleExcellSheetTest@568ff82]" started-at="2018-01-14T09:19:05Z" name="startExtent" finished-at="2018-01-14T09:19:05Z" duration-ms="6" status="PASS">
          <params>
            <param index="0">
              <value>
                <![CDATA[public void testcases.GoogleExcellSheetTest.verifygoggleExcelraeder() throws java.io.IOException,java.lang.InterruptedException]]>
              </value>
            </param>
          </params>
          <reporter-output>
          </reporter-output>
        </test-method> <!-- startExtent -->
        <test-method signature="verifygoggleExcelraeder()[pri:0, instance:testcases.GoogleExcellSheetTest@568ff82]" started-at="2018-01-14T09:19:05Z" name="verifygoggleExcelraeder" finished-at="2018-01-14T09:19:38Z" duration-ms="33297" status="FAIL">
          <exception class="java.lang.AssertionError">
            <message>
              <![CDATA[expected [true] but found [false]]]>
            </message>
            <full-stacktrace>
              <![CDATA[java.lang.AssertionError: expected [true] but found [false]at org.testng.Assert.fail(Assert.java:96)at org.testng.Assert.failNotEquals(Assert.java:776)at org.testng.Assert.assertTrue(Assert.java:44)at org.testng.Assert.assertTrue(Assert.java:54)at testcases.GoogleExcellSheetTest.verifygoggleExcelraeder(GoogleExcellSheetTest.java:21)at java.base/jdk.internal.reflect.NativeMethodAccessorImpl.invoke0(Native Method)at java.base/jdk.internal.reflect.NativeMethodAccessorImpl.invoke(NativeMethodAccessorImpl.java:62)at java.base/jdk.internal.reflect.DelegatingMethodAccessorImpl.invoke(DelegatingMethodAccessorImpl.java:43)at java.base/java.lang.reflect.Method.invoke(Method.java:564)at org.testng.internal.MethodInvocationHelper.invokeMethod(MethodInvocationHelper.java:124)at org.testng.internal.Invoker.invokeMethod(Invoker.java:571)at org.testng.internal.Invoker.invokeTestMethod(Invoker.java:707)at org.testng.internal.Invoker.invokeTestMethods(Invoker.java:979)at org.testng.internal.TestMethodWorker.invokeTestMethods(TestMethodWorker.java:125)at org.testng.internal.TestMethodWorker.run(TestMethodWorker.java:109)at org.testng.TestRunner.privateRun(TestRunner.java:648)at org.testng.TestRunner.run(TestRunner.java:505)at org.testng.SuiteRunner.runTest(SuiteRunner.java:455)at org.testng.SuiteRunner.runSequentially(SuiteRunner.java:450)at org.testng.SuiteRunner.privateRun(SuiteRunner.java:415)at org.testng.SuiteRunner.run(SuiteRunner.java:364)at org.testng.SuiteRunnerWorker.runSuite(SuiteRunnerWorker.java:52)at org.testng.SuiteRunnerWorker.run(SuiteRunnerWorker.java:84)at org.testng.TestNG.runSuitesSequentially(TestNG.java:1187)at org.testng.TestNG.runSuitesLocally(TestNG.java:1116)at org.testng.TestNG.runSuites(TestNG.java:1028)at org.testng.TestNG.run(TestNG.java:996)at org.testng.IDEARemoteTestNG.run(IDEARemoteTestNG.java:72)at org.testng.RemoteTestNGStarter.main(RemoteTestNGStarter.java:123)]]>
            </full-stacktrace>
          </exception> <!-- java.lang.AssertionError -->
          <reporter-output>
          </reporter-output>
        </test-method> <!-- verifygoggleExcelraeder -->
        <test-method is-config="true" signature="afterEachTestMethod(org.testng.ITestResult)[pri:0, instance:testcases.GoogleExcellSheetTest@568ff82]" started-at="2018-01-14T09:19:38Z" name="afterEachTestMethod" finished-at="2018-01-14T09:19:40Z" duration-ms="2022" status="PASS">
          <params>
            <param index="0">
              <value>
                <![CDATA[[TestResult name=verifygoggleExcelraeder status=FAILURE method=GoogleExcellSheetTest.verifygoggleExcelraeder()[pri:0, instance:testcases.GoogleExcellSheetTest@568ff82] output={null}]]]>
              </value>
            </param>
          </params>
          <reporter-output>
          </reporter-output>
        </test-method> <!-- afterEachTestMethod -->
        <test-method is-config="true" signature="cleanUp()[pri:0, instance:testcases.GoogleExcellSheetTest@568ff82]" started-at="2018-01-14T09:19:40Z" name="cleanUp" finished-at="2018-01-14T09:19:40Z" duration-ms="0" status="PASS">
          <reporter-output>
          </reporter-output>
        </test-method> <!-- cleanUp -->
        <test-method is-config="true" signature="generateReport()[pri:0, instance:testcases.GoogleExcellSheetTest@568ff82]" started-at="2018-01-14T09:19:40Z" name="generateReport" finished-at="2018-01-14T09:19:40Z" duration-ms="104" status="PASS">
          <reporter-output>
          </reporter-output>
        </test-method> <!-- generateReport -->
      </class> <!-- testcases.GoogleExcellSheetTest -->
    </test> <!-- HomeDepot HomepageTest -->
  </suite> <!-- Homedepot Automation Test -->
</testng-results>
