<?xml version="1.0" encoding="UTF-8"?>
<!-- Generated by org.testng.reporters.JUnitReportReporter -->
<testsuite hostname="mehzabins-MacBook-Air.local" failures="0" tests="16" name="testcases.HomepageTest" time="39.061" errors="1" timestamp="13 Jan 2018 00:02:13 GMT" skipped="14">
  <testcase classname="testcases.HomepageTest" name="verifyLogoTest" time="28.409">
    <error message="no such element: Unable to locate element: {&quot;method&quot;:&quot;css selector&quot;,&quot;selector&quot;:&quot;#container&gt;:nth-child(2) &gt;.Header3 &gt;div.grid.grid--center-verticle.Header3__collapser&gt;div&gt;div:nth-child(1)&gt;a&gt;svg&gt;g&gt;:nth-child(2)&quot;}
  (Session info: chrome=63.0.3239.132)
  (Driver info: chromedriver=2.34.522932 (4140ab217e1ca1bec0c4b4d1b148f3361eb3a03e),platform=Mac OS X 10.13.2 x86_64) (WARNING: The server did not provide any stacktrace information)
Command duration or timeout: 0 milliseconds
For documentation on this error, please visit: http://seleniumhq.org/exceptions/no_such_element.html
Build info: version: &#039;3.7.1&#039;, revision: &#039;8a0099a&#039;, time: &#039;2017-11-06T21:01:39.354Z&#039;
System info: host: &#039;mehzabins-MacBook-Air.local&#039;, ip: &#039;fe80:0:0:0:7d:a884:3e5f:e395%en0&#039;, os.name: &#039;Mac OS X&#039;, os.arch: &#039;x86_64&#039;, os.version: &#039;10.13.2&#039;, java.version: &#039;9.0.1&#039;
Driver info: org.openqa.selenium.chrome.ChromeDriver
Capabilities {acceptSslCerts: true, applicationCacheEnabled: false, browserConnectionEnabled: false, browserName: chrome, chrome: {chromedriverVersion: 2.34.522932 (4140ab217e1ca1..., userDataDir: /var/folders/lj/r3v3gwcs3jg...}, cssSelectorsEnabled: true, databaseEnabled: false, handlesAlerts: true, hasTouchScreen: false, javascriptEnabled: true, locationContextEnabled: true, mobileEmulationEnabled: false, nativeEvents: true, networkConnectionEnabled: false, pageLoadStrategy: normal, platform: MAC, platformName: MAC, rotatable: false, setWindowRect: true, takesHeapSnapshot: true, takesScreenshot: true, unexpectedAlertBehaviour: , unhandledPromptBehavior: , version: 63.0.3239.132, webStorageEnabled: true}
Session ID: 80641f4a3e8286adeb2f2a4b12167a6b
*** Element info: {Using=css selector, value=#container&gt;:nth-child(2) &gt;.Header3 &gt;div.grid.grid--center-verticle.Header3__collapser&gt;div&gt;div:nth-child(1)&gt;a&gt;svg&gt;g&gt;:nth-child(2)}" type="org.openqa.selenium.NoSuchElementException">
      <![CDATA[org.openqa.selenium.NoSuchElementException: no such element: Unable to locate element: {"method":"css selector","selector":"#container>:nth-child(2) >.Header3 >div.grid.grid--center-verticle.Header3__collapser>div>div:nth-child(1)>a>svg>g>:nth-child(2)"}  (Session info: chrome=63.0.3239.132)  (Driver info: chromedriver=2.34.522932 (4140ab217e1ca1bec0c4b4d1b148f3361eb3a03e),platform=Mac OS X 10.13.2 x86_64) (WARNING: The server did not provide any stacktrace information)Command duration or timeout: 0 millisecondsFor documentation on this error, please visit: http://seleniumhq.org/exceptions/no_such_element.htmlBuild info: version: '3.7.1', revision: '8a0099a', time: '2017-11-06T21:01:39.354Z'System info: host: 'mehzabins-MacBook-Air.local', ip: 'fe80:0:0:0:7d:a884:3e5f:e395%en0', os.name: 'Mac OS X', os.arch: 'x86_64', os.version: '10.13.2', java.version: '9.0.1'Driver info: org.openqa.selenium.chrome.ChromeDriverCapabilities {acceptSslCerts: true, applicationCacheEnabled: false, browserConnectionEnabled: false, browserName: chrome, chrome: {chromedriverVersion: 2.34.522932 (4140ab217e1ca1..., userDataDir: /var/folders/lj/r3v3gwcs3jg...}, cssSelectorsEnabled: true, databaseEnabled: false, handlesAlerts: true, hasTouchScreen: false, javascriptEnabled: true, locationContextEnabled: true, mobileEmulationEnabled: false, nativeEvents: true, networkConnectionEnabled: false, pageLoadStrategy: normal, platform: MAC, platformName: MAC, rotatable: false, setWindowRect: true, takesHeapSnapshot: true, takesScreenshot: true, unexpectedAlertBehaviour: , unhandledPromptBehavior: , version: 63.0.3239.132, webStorageEnabled: true}Session ID: 80641f4a3e8286adeb2f2a4b12167a6b*** Element info: {Using=css selector, value=#container>:nth-child(2) >.Header3 >div.grid.grid--center-verticle.Header3__collapser>div>div:nth-child(1)>a>svg>g>:nth-child(2)}at java.base/jdk.internal.reflect.NativeConstructorAccessorImpl.newInstance0(Native Method)at java.base/jdk.internal.reflect.NativeConstructorAccessorImpl.newInstance(NativeConstructorAccessorImpl.java:62)at java.base/jdk.internal.reflect.DelegatingConstructorAccessorImpl.newInstance(DelegatingConstructorAccessorImpl.java:45)at java.base/java.lang.reflect.Constructor.newInstance(Constructor.java:488)at org.openqa.selenium.remote.ErrorHandler.createThrowable(ErrorHandler.java:214)at org.openqa.selenium.remote.ErrorHandler.throwIfResponseFailed(ErrorHandler.java:166)at org.openqa.selenium.remote.http.JsonHttpResponseCodec.reconstructValue(JsonHttpResponseCodec.java:40)at org.openqa.selenium.remote.http.AbstractHttpResponseCodec.decode(AbstractHttpResponseCodec.java:80)at org.openqa.selenium.remote.http.AbstractHttpResponseCodec.decode(AbstractHttpResponseCodec.java:44)at org.openqa.selenium.remote.HttpCommandExecutor.execute(HttpCommandExecutor.java:164)at org.openqa.selenium.remote.service.DriverCommandExecutor.execute(DriverCommandExecutor.java:83)at org.openqa.selenium.remote.RemoteWebDriver.execute(RemoteWebDriver.java:600)at org.openqa.selenium.remote.RemoteWebDriver.findElement(RemoteWebDriver.java:370)at org.openqa.selenium.remote.RemoteWebDriver.findElementByCssSelector(RemoteWebDriver.java:464)at org.openqa.selenium.By$ByCssSelector.findElement(By.java:430)at org.openqa.selenium.remote.RemoteWebDriver.findElement(RemoteWebDriver.java:362)at org.openqa.selenium.support.pagefactory.DefaultElementLocator.findElement(DefaultElementLocator.java:69)at org.openqa.selenium.support.pagefactory.internal.LocatingElementHandler.invoke(LocatingElementHandler.java:38)at com.sun.proxy.$Proxy15.getText(Unknown Source)at Homedepot_pages.Home.isLogoVisible(Home.java:77)at testcases.HomepageTest.verifyLogoTest(HomepageTest.java:120)at java.base/jdk.internal.reflect.NativeMethodAccessorImpl.invoke0(Native Method)at java.base/jdk.internal.reflect.NativeMethodAccessorImpl.invoke(NativeMethodAccessorImpl.java:62)at java.base/jdk.internal.reflect.DelegatingMethodAccessorImpl.invoke(DelegatingMethodAccessorImpl.java:43)at java.base/java.lang.reflect.Method.invoke(Method.java:564)at org.testng.internal.MethodInvocationHelper.invokeMethod(MethodInvocationHelper.java:124)at org.testng.internal.Invoker.invokeMethod(Invoker.java:571)at org.testng.internal.Invoker.invokeTestMethod(Invoker.java:707)at org.testng.internal.Invoker.invokeTestMethods(Invoker.java:979)at org.testng.internal.TestMethodWorker.invokeTestMethods(TestMethodWorker.java:125)at org.testng.internal.TestMethodWorker.run(TestMethodWorker.java:109)at org.testng.TestRunner.privateRun(TestRunner.java:648)at org.testng.TestRunner.run(TestRunner.java:505)at org.testng.SuiteRunner.runTest(SuiteRunner.java:455)at org.testng.SuiteRunner.runSequentially(SuiteRunner.java:450)at org.testng.SuiteRunner.privateRun(SuiteRunner.java:415)at org.testng.SuiteRunner.run(SuiteRunner.java:364)at org.testng.SuiteRunnerWorker.runSuite(SuiteRunnerWorker.java:52)at org.testng.SuiteRunnerWorker.run(SuiteRunnerWorker.java:84)at org.testng.TestNG.runSuitesSequentially(TestNG.java:1187)at org.testng.TestNG.runSuitesLocally(TestNG.java:1116)at org.testng.TestNG.runSuites(TestNG.java:1028)at org.testng.TestNG.run(TestNG.java:996)at org.testng.IDEARemoteTestNG.run(IDEARemoteTestNG.java:72)at org.testng.RemoteTestNGStarter.main(RemoteTestNGStarter.java:123)]]>
    </error>
  </testcase> <!-- verifyLogoTest -->
  <testcase classname="testcases.HomepageTest" name="verifySearchBoxTest" time="10.652"/>
  <testcase classname="testcases.HomepageTest" name="verifydepartmentTest">
    <skipped/>
  </testcase> <!-- verifydepartmentTest -->
  <testcase classname="testcases.HomepageTest" name="verifyURL">
    <skipped/>
  </testcase> <!-- verifyURL -->
  <testcase classname="testcases.HomepageTest" name="verifyAccountTest">
    <skipped/>
  </testcase> <!-- verifyAccountTest -->
  <testcase classname="testcases.HomepageTest" name="verifyTrackOrderTest">
    <skipped/>
  </testcase> <!-- verifyTrackOrderTest -->
  <testcase classname="testcases.HomepageTest" name="verifyHelpLinkStatusTest">
    <skipped/>
  </testcase> <!-- verifyHelpLinkStatusTest -->
  <testcase classname="testcases.HomepageTest" name="verifyGiftCardTest">
    <skipped/>
  </testcase> <!-- verifyGiftCardTest -->
  <testcase classname="testcases.HomepageTest" name="checkAccountButton">
    <skipped/>
  </testcase> <!-- checkAccountButton -->
  <testcase classname="testcases.HomepageTest" name="veifyTitle">
    <skipped/>
  </testcase> <!-- veifyTitle -->
  <testcase classname="testcases.HomepageTest" name="verifyChooseStoreTest">
    <skipped/>
  </testcase> <!-- verifyChooseStoreTest -->
  <testcase classname="testcases.HomepageTest" name="verifyFindStoreTest">
    <skipped/>
  </testcase> <!-- verifyFindStoreTest -->
  <testcase classname="testcases.HomepageTest" name="verifyCreditCardTest">
    <skipped/>
  </testcase> <!-- verifyCreditCardTest -->
  <testcase classname="testcases.HomepageTest" name="verifyCartTest">
    <skipped/>
  </testcase> <!-- verifyCartTest -->
  <testcase classname="testcases.HomepageTest" name="verifyForTheProTest">
    <skipped/>
  </testcase> <!-- verifyForTheProTest -->
  <testcase classname="testcases.HomepageTest" name="verifyMylistTest">
    <skipped/>
  </testcase> <!-- verifyMylistTest -->
</testsuite> <!-- testcases.HomepageTest -->
