<?xml version="1.0" encoding="UTF-8"?>
<!-- Generated by org.testng.reporters.JUnitXMLReporter -->
<testsuite ignored="0" hostname="mehzabins-MacBook-Air.local" failures="1" tests="1" name="HomeDepot HomepageTest" time="45.907" errors="0" timestamp="14 Jan 2018 14:19:40 GMT">
  <testcase classname="testcases.GoogleExcellSheetTest" name="verifygoggleExcelraeder" time="33.297">
    <failure type="java.lang.AssertionError" message="expected [true] but found [false]">
      <![CDATA[java.lang.AssertionError: expected [true] but found [false]at testcases.GoogleExcellSheetTest.verifygoggleExcelraeder(GoogleExcellSheetTest.java:21)... Removed 28 stack frames]]>
    </failure>
  </testcase> <!-- verifygoggleExcelraeder -->
</testsuite> <!-- HomeDepot HomepageTest -->
